<?xml version="1.0" encoding="UTF-8"?>
<testsuite name="com.codeship.autosysjob.AutosysJobApplicationTests" tests="1" skipped="0" failures="0" errors="0" timestamp="2025-03-08T12:56:19" hostname="PF4S9HRJ" time="0.578">
  <properties/>
  <testcase name="contextLoads()" classname="com.codeship.autosysjob.AutosysJobApplicationTests" time="0.578"/>
  <system-out><![CDATA[18:26:15.400 [Test worker] INFO org.springframework.test.context.support.AnnotationConfigContextLoaderUtils -- Could not detect default configuration classes for test class [com.codeship.autosysjob.AutosysJobApplicationTests]: AutosysJobApplicationTests does not declare any static, non-private, non-final, nested classes annotated with @Configuration.
18:26:15.539 [Test worker] INFO org.springframework.boot.test.context.SpringBootTestContextBootstrapper -- Found @SpringBootConfiguration com.codeship.autosysjob.AutosysJobApplication for test class com.codeship.autosysjob.AutosysJobApplicationTests

  .   ____          _            __ _ _
 /\\ / ___'_ __ _ _(_)_ __  __ _ \ \ \ \
( ( )\___ | '_ | '_| | '_ \/ _` | \ \ \ \
 \\/  ___)| |_)| | | | | || (_| |  ) ) ) )
  '  |____| .__|_| |_|_| |_\__, | / / / /
 =========|_|==============|___/=/_/_/_/

 :: Spring Boot ::                (v3.4.3)

2025-03-08T18:26:15.996+05:30  INFO 16604 --- [autosys-job] [    Test worker] c.c.a.AutosysJobApplicationTests         : Starting AutosysJobApplicationTests using Java 17.0.11 with PID 16604 (started by Wissen in C:\Users\Wissen\IdeaProjects\autosys-job)
2025-03-08T18:26:15.998+05:30  INFO 16604 --- [autosys-job] [    Test worker] c.c.a.AutosysJobApplicationTests         : No active profile set, falling back to 1 default profile: "default"
2025-03-08T18:26:16.679+05:30  INFO 16604 --- [autosys-job] [    Test worker] .s.d.r.c.RepositoryConfigurationDelegate : Bootstrapping Spring Data JPA repositories in DEFAULT mode.
2025-03-08T18:26:16.709+05:30  INFO 16604 --- [autosys-job] [    Test worker] .s.d.r.c.RepositoryConfigurationDelegate : Finished Spring Data repository scanning in 17 ms. Found 0 JPA repository interfaces.
2025-03-08T18:26:17.063+05:30  INFO 16604 --- [autosys-job] [    Test worker] com.zaxxer.hikari.HikariDataSource       : HikariPool-1 - Starting...
2025-03-08T18:26:17.413+05:30  INFO 16604 --- [autosys-job] [    Test worker] com.zaxxer.hikari.pool.HikariPool        : HikariPool-1 - Added connection com.mysql.cj.jdbc.ConnectionImpl@2d237460
2025-03-08T18:26:17.427+05:30  INFO 16604 --- [autosys-job] [    Test worker] com.zaxxer.hikari.HikariDataSource       : HikariPool-1 - Start completed.
2025-03-08T18:26:17.545+05:30  INFO 16604 --- [autosys-job] [    Test worker] o.hibernate.jpa.internal.util.LogHelper  : HHH000204: Processing PersistenceUnitInfo [name: default]
2025-03-08T18:26:17.615+05:30  INFO 16604 --- [autosys-job] [    Test worker] org.hibernate.Version                    : HHH000412: Hibernate ORM core version 6.6.8.Final
2025-03-08T18:26:17.666+05:30  INFO 16604 --- [autosys-job] [    Test worker] o.h.c.internal.RegionFactoryInitiator    : HHH000026: Second-level cache disabled
2025-03-08T18:26:18.069+05:30  INFO 16604 --- [autosys-job] [    Test worker] o.s.o.j.p.SpringPersistenceUnitInfo      : No LoadTimeWeaver setup: ignoring JPA class transformer
2025-03-08T18:26:18.161+05:30  WARN 16604 --- [autosys-job] [    Test worker] org.hibernate.orm.deprecation            : HHH90000025: MySQLDialect does not need to be specified explicitly using 'hibernate.dialect' (remove the property setting and it will be selected by default)
2025-03-08T18:26:18.174+05:30  INFO 16604 --- [autosys-job] [    Test worker] org.hibernate.orm.connections.pooling    : HHH10001005: Database info:
	Database JDBC URL [Connecting through datasource 'HikariDataSource (HikariPool-1)']
	Database driver: undefined/unknown
	Database version: 8.0.37
	Autocommit mode: undefined/unknown
	Isolation level: undefined/unknown
	Minimum pool size: undefined/unknown
	Maximum pool size: undefined/unknown
2025-03-08T18:26:18.507+05:30  INFO 16604 --- [autosys-job] [    Test worker] o.h.e.t.j.p.i.JtaPlatformInitiator       : HHH000489: No JTA platform available (set 'hibernate.transaction.jta.platform' to enable JTA platform integration)
2025-03-08T18:26:18.507+05:30  INFO 16604 --- [autosys-job] [    Test worker] j.LocalContainerEntityManagerFactoryBean : Initialized JPA EntityManagerFactory for persistence unit 'default'
2025-03-08T18:26:18.634+05:30  WARN 16604 --- [autosys-job] [    Test worker] JpaBaseConfiguration$JpaWebConfiguration : spring.jpa.open-in-view is enabled by default. Therefore, database queries may be performed during view rendering. Explicitly configure spring.jpa.open-in-view to disable this warning
2025-03-08T18:26:19.175+05:30  INFO 16604 --- [autosys-job] [    Test worker] c.c.a.AutosysJobApplicationTests         : Started AutosysJobApplicationTests in 3.451 seconds (process running for 4.735)
2025-03-08T18:26:19.181+05:30  INFO 16604 --- [autosys-job] [    Test worker] o.s.b.a.b.JobLauncherApplicationRunner   : Running default command line with: []
]]></system-out>
  <system-err><![CDATA[]]></system-err>
</testsuite>
